3480
0 0 0 11
0 12 0 23
0 24 0 35
0 36 0 47
0 48 0 59
0 60 0 71
0 72 0 83
0 84 0 95
0 96 0 107
0 108 0 119
0 120 0 131
0 132 0 143
0 144 0 155
0 156 0 167
0 168 0 179
0 180 0 191
0 192 0 203
0 204 0 215
0 229 0 240
0 241 0 249
1 0 1 11
1 12 1 23
1 24 1 35
1 36 1 47
1 48 1 59
1 60 1 71
1 72 1 83
1 84 1 95
1 96 1 107
1 108 1 119
1 120 1 131
1 132 1 143
1 144 1 155
1 156 1 167
1 168 1 179
1 180 1 191
1 205 1 216
1 217 1 228
1 229 1 240
2 13 2 24
2 25 2 36
2 37 2 48
2 49 2 60
2 61 2 72
2 73 2 84
2 85 2 96
2 97 2 108
2 109 2 120
2 121 2 132
2 133 2 144
2 145 2 156
2 157 2 168
2 169 2 180
2 181 2 192
2 206 2 217
2 218 2 229
2 230 2 241
2 242 2 249
3 0 3 11
3 12 3 23
3 24 3 35
3 36 3 47
3 48 3 59
3 60 3 71
3 72 3 83
3 84 3 95
3 96 3 107
3 108 3 119
3 120 3 131
3 132 3 143
3 144 3 155
3 156 3 167
3 181 3 192
3 193 3 204
3 205 3 216
3 217 3 228
3 229 3 240
4 0 4 11
4 12 4 23
4 24 4 35
4 36 4 47
4 48 4 59
4 60 4 71
4 72 4 83
4 84 4 95
4 109 4 120
4 121 4 132
4 133 4 144
4 145 4 156
4 157 4 168
4 169 4 180
4 181 4 192
4 193 4 204
4 205 4 216
4 217 4 228
4 229 4 240
4 241 4 249
5 0 5 11
5 12 5 23
5 24 5 35
5 36 5 47
5 48 5 59
5 60 5 71
5 72 5 83
5 84 5 95
5 96 5 107
5 108 5 119
5 120 5 131
5 132 5 143
5 144 5 155
5 156 5 167
5 168 5 179
5 180 5 191
5 192 5 203
5 204 5 215
5 216 5 227
5 228 5 239
5 240 5 249
6 0 6 11
6 12 6 23
6 24 6 35
6 36 6 47
6 48 6 59
6 73 6 84
6 85 6 96
6 110 6 121
6 122 6 133
6 147 6 158
6 159 6 170
6 171 6 182
6 183 6 194
6 195 6 206
6 207 6 218
6 232 6 243
7 0 7 11
7 12 7 23
7 24 7 35
7 36 7 47
7 48 7 59
7 60 7 71
7 72 7 83
7 84 7 95
7 96 7 107
7 108 7 119
7 120 7 131
7 132 7 143
7 144 7 155
7 156 7 167
7 168 7 179
7 180 7 191
7 205 7 216
7 217 7 228
7 229 7 240
7 241 7 249
8 0 8 11
8 12 8 23
8 24 8 35
8 36 8 47
8 48 8 59
8 60 8 71
8 72 8 83
8 84 8 95
8 96 8 107
8 108 8 119
8 120 8 131
8 132 8 143
8 144 8 155
8 156 8 167
8 168 8 179
8 180 8 191
8 192 8 203
8 204 8 215
9 13 9 24
9 25 9 36
9 37 9 48
9 49 9 60
9 74 9 85
9 86 9 97
9 111 9 122
9 123 9 134
9 135 9 146
9 147 9 158
9 159 9 170
9 171 9 182
9 183 9 194
9 195 9 206
9 207 9 218
9 219 9 230
9 231 9 242
10 0 10 11
10 12 10 23
10 24 10 35
10 36 10 47
10 48 10 59
10 60 10 71
10 72 10 83
10 84 10 95
10 96 10 107
10 121 10 132
10 133 10 144
10 145 10 156
10 157 10 168
10 182 10 193
10 194 10 205
10 206 10 217
10 218 10 229
10 230 10 241
11 0 11 11
11 12 11 23
11 24 11 35
11 36 11 47
11 48 11 59
11 60 11 71
11 72 11 83
11 84 11 95
11 96 11 107
11 108 11 119
11 120 11 131
11 132 11 143
11 144 11 155
11 169 11 180
11 181 11 192
11 193 11 204
11 205 11 216
11 217 11 228
11 229 11 240
11 241 11 249
12 0 12 11
12 12 12 23
12 24 12 35
12 62 12 73
12 87 12 98
12 99 12 110
12 111 12 122
12 123 12 134
12 135 12 146
12 147 12 158
12 159 12 170
12 171 12 182
12 183 12 194
12 195 12 206
12 207 12 218
12 219 12 230
12 231 12 242
13 0 13 11
13 12 13 23
13 24 13 35
13 36 13 47
13 48 13 59
13 60 13 71
13 72 13 83
13 84 13 95
13 96 13 107
13 108 13 119
13 120 13 131
13 132 13 143
13 157 13 168
13 182 13 193
13 194 13 205
13 206 13 217
13 218 13 229
13 230 13 241
13 242 13 249
14 0 14 11
14 12 14 23
14 24 14 35
14 36 14 47
14 48 14 59
14 60 14 71
14 72 14 83
14 84 14 95
14 109 14 120
14 121 14 132
14 133 14 144
14 145 14 156
14 170 14 181
14 182 14 193
14 220 14 231
14 232 14 243
15 0 15 11
15 12 15 23
15 24 15 35
15 36 15 47
15 48 15 59
15 60 15 71
15 72 15 83
15 84 15 95
15 96 15 107
15 108 15 119
15 120 15 131
15 132 15 143
15 144 15 155
15 156 15 167
15 168 15 179
15 180 15 191
15 192 15 203
15 204 15 215
15 216 15 227
15 228 15 239
15 240 15 249
16 0 16 11
16 12 16 23
16 24 16 35
16 36 16 47
16 48 16 59
16 60 16 71
16 72 16 83
16 84 16 95
16 96 16 107
16 108 16 119
16 120 16 131
16 132 16 143
16 144 16 155
16 156 16 167
16 168 16 179
16 180 16 191
16 192 16 203
16 204 16 215
16 216 16 227
17 0 17 11
17 12 17 23
17 24 17 35
17 36 17 47
17 48 17 59
17 60 17 71
17 72 17 83
17 97 17 108
17 122 17 133
17 134 17 145
17 146 17 157
17 158 17 169
17 170 17 181
17 182 17 193
17 194 17 205
17 206 17 217
17 218 17 229
17 230 17 241
18 0 18 11
18 12 18 23
18 24 18 35
18 36 18 47
18 48 18 59
18 60 18 71
18 72 18 83
18 84 18 95
18 96 18 107
18 108 18 119
18 133 18 144
18 145 18 156
18 170 18 181
18 182 18 193
18 194 18 205
18 206 18 217
18 218 18 229
18 230 18 241
18 242 18 249
19 0 19 11
19 12 19 23
19 24 19 35
19 36 19 47
19 48 19 59
19 60 19 71
19 72 19 83
19 84 19 95
19 96 19 107
19 121 19 132
19 133 19 144
19 145 19 156
19 157 19 168
19 169 19 180
19 181 19 192
19 193 19 204
19 205 19 216
20 0 20 11
20 12 20 23
20 24 20 35
20 49 20 60
20 61 20 72
20 73 20 84
20 98 20 109
20 123 20 134
20 135 20 146
20 160 20 171
20 172 20 183
20 184 20 195
20 196 20 207
20 208 20 219
20 220 20 231
20 232 20 243
21 0 21 11
21 12 21 23
21 24 21 35
21 36 21 47
21 48 21 59
21 60 21 71
21 72 21 83
21 84 21 95
21 96 21 107
21 108 21 119
21 120 21 131
21 132 21 143
21 144 21 155
21 156 21 167
21 168 21 179
21 180 21 191
21 205 21 216
21 217 21 228
21 229 21 240
22 0 22 11
22 12 22 23
22 24 22 35
22 36 22 47
22 48 22 59
22 60 22 71
22 72 22 83
22 84 22 95
22 96 22 107
22 108 22 119
22 120 22 131
22 132 22 143
22 144 22 155
22 156 22 167
22 168 22 179
22 180 22 191
22 205 22 216
22 217 22 228
22 229 22 240
22 241 22 249
23 0 23 11
23 12 23 23
23 24 23 35
23 36 23 47
23 48 23 59
23 60 23 71
23 72 23 83
23 84 23 95
23 96 23 107
23 134 23 145
23 146 23 157
23 158 23 169
23 170 23 181
23 182 23 193
23 194 23 205
23 206 23 217
23 218 23 229
24 0 24 11
24 12 24 23
24 24 24 35
24 36 24 47
24 48 24 59
24 60 24 71
24 72 24 83
24 84 24 95
24 96 24 107
24 121 24 132
24 133 24 144
24 145 24 156
24 157 24 168
24 182 24 193
24 194 24 205
24 206 24 217
24 218 24 229
25 0 25 11
25 12 25 23
25 24 25 35
25 36 25 47
25 48 25 59
25 60 25 71
25 72 25 83
25 84 25 95
25 96 25 107
25 108 25 119
25 120 25 131
25 132 25 143
25 144 25 155
25 156 25 167
25 168 25 179
25 180 25 191
25 205 25 216
25 217 25 228
26 0 26 11
26 12 26 23
26 24 26 35
26 36 26 47
26 48 26 59
26 60 26 71
26 72 26 83
26 84 26 95
26 96 26 107
26 121 26 132
26 133 26 144
26 145 26 156
26 157 26 168
26 169 26 180
26 207 26 218
26 219 26 230
26 231 26 242
27 0 27 11
27 12 27 23
27 37 27 48
27 62 27 73
27 74 27 85
27 86 27 97
27 111 27 122
27 123 27 134
27 135 27 146
27 147 27 158
27 159 27 170
27 171 27 182
27 183 27 194
27 195 27 206
27 207 27 218
27 219 27 230
28 0 28 11
28 12 28 23
28 24 28 35
28 36 28 47
28 48 28 59
28 60 28 71
28 72 28 83
28 97 28 108
28 109 28 120
28 134 28 145
28 159 28 170
28 171 28 182
28 183 28 194
28 195 28 206
28 207 28 218
28 232 28 243
29 0 29 11
29 12 29 23
29 24 29 35
29 36 29 47
29 61 29 72
29 73 29 84
29 85 29 96
29 97 29 108
29 109 29 120
29 121 29 132
29 133 29 144
29 145 29 156
29 157 29 168
29 169 29 180
29 194 29 205
29 206 29 217
29 218 29 229
29 230 29 241
29 242 29 249
30 0 30 11
30 12 30 23
30 37 30 48
30 62 30 73
30 74 30 85
30 86 30 97
30 98 30 109
30 110 30 121
30 122 30 133
30 134 30 145
30 146 30 157
30 158 30 169
30 170 30 181
30 182 30 193
30 194 30 205
30 206 30 217
30 218 30 229
30 230 30 241
30 242 30 249
31 0 31 11
31 12 31 23
31 37 31 48
31 49 31 60
31 61 31 72
31 73 31 84
31 85 31 96
31 97 31 108
31 109 31 120
31 121 31 132
31 133 31 144
31 145 31 156
31 157 31 168
31 169 31 180
31 194 31 205
31 206 31 217
31 218 31 229
31 230 31 241
32 0 32 11
32 12 32 23
32 24 32 35
32 36 32 47
32 48 32 59
32 60 32 71
32 85 32 96
32 97 32 108
32 109 32 120
32 121 32 132
32 133 32 144
32 145 32 156
32 157 32 168
32 169 32 180
32 181 32 192
32 193 32 204
32 205 32 216
32 230 32 241
33 0 33 11
33 12 33 23
33 37 33 48
33 49 33 60
33 61 33 72
33 73 33 84
33 85 33 96
33 97 33 108
33 122 33 133
33 147 33 158
33 159 33 170
33 171 33 182
33 183 33 194
33 208 33 219
33 220 33 231
33 232 33 243
34 26 34 37
34 38 34 49
34 50 34 61
34 62 34 73
34 74 34 85
34 112 34 123
34 124 34 135
34 136 34 147
34 148 34 159
34 160 34 171
34 172 34 183
34 184 34 195
34 196 34 207
34 208 34 219
34 233 34 244
35 0 35 11
35 12 35 23
35 24 35 35
35 36 35 47
35 48 35 59
35 60 35 71
35 72 35 83
35 84 35 95
35 96 35 107
35 108 35 119
35 120 35 131
35 132 35 143
35 144 35 155
35 156 35 167
35 168 35 179
35 193 35 204
35 205 35 216
35 217 35 228
35 229 35 240
35 241 35 249
36 0 36 11
36 12 36 23
36 24 36 35
36 36 36 47
36 48 36 59
36 60 36 71
36 72 36 83
36 84 36 95
36 109 36 120
36 121 36 132
36 133 36 144
36 145 36 156
36 157 36 168
36 169 36 180
36 181 36 192
36 193 36 204
36 205 36 216
36 230 36 241
37 0 37 11
37 12 37 23
37 24 37 35
37 36 37 47
37 74 37 85
37 86 37 97
37 98 37 109
37 110 37 121
37 122 37 133
37 134 37 145
37 146 37 157
37 158 37 169
37 170 37 181
37 182 37 193
37 194 37 205
37 206 37 217
37 231 37 242
38 0 38 11
38 12 38 23
38 24 38 35
38 36 38 47
38 48 38 59
38 60 38 71
38 72 38 83
38 84 38 95
38 96 38 107
38 160 38 171
38 172 38 183
38 184 38 195
38 196 38 207
38 208 38 219
38 220 38 231
38 232 38 243
39 13 39 24
39 25 39 36
39 37 39 48
39 49 39 60
39 61 39 72
39 86 39 97
39 98 39 109
39 110 39 121
39 122 39 133
39 134 39 145
39 146 39 157
39 158 39 169
39 170 39 181
39 182 39 193
39 194 39 205
39 219 39 230
40 13 40 24
40 25 40 36
40 37 40 48
40 49 40 60
40 61 40 72
40 86 40 97
40 124 40 135
40 136 40 147
40 148 40 159
40 160 40 171
40 172 40 183
40 184 40 195
40 196 40 207
40 208 40 219
40 220 40 231
40 232 40 243
41 0 41 11
41 12 41 23
41 24 41 35
41 36 41 47
41 48 41 59
41 60 41 71
41 72 41 83
41 84 41 95
41 96 41 107
41 108 41 119
41 120 41 131
41 132 41 143
41 144 41 155
41 156 41 167
41 168 41 179
41 180 41 191
41 192 41 203
41 204 41 215
41 216 41 227
41 228 41 239
42 0 42 11
42 25 42 36
42 50 42 61
42 62 42 73
42 74 42 85
42 86 42 97
42 98 42 109
42 110 42 121
42 122 42 133
42 134 42 145
42 146 42 157
42 158 42 169
42 170 42 181
42 182 42 193
42 194 42 205
42 206 42 217
42 218 42 229
42 230 42 241
43 0 43 11
43 12 43 23
43 24 43 35
43 36 43 47
43 48 43 59
43 73 43 84
43 85 43 96
43 97 43 108
43 109 43 120
43 121 43 132
43 133 43 144
43 145 43 156
43 157 43 168
43 169 43 180
43 181 43 192
43 193 43 204
43 205 43 216
43 217 43 228
44 0 44 11
44 12 44 23
44 24 44 35
44 36 44 47
44 48 44 59
44 60 44 71
44 72 44 83
44 84 44 95
44 96 44 107
44 108 44 119
44 120 44 131
44 132 44 143
44 144 44 155
44 156 44 167
44 168 44 179
44 180 44 191
44 192 44 203
44 204 44 215
44 216 44 227
44 228 44 239
44 240 44 249
45 0 45 11
45 12 45 23
45 24 45 35
45 36 45 47
45 48 45 59
45 60 45 71
45 72 45 83
45 84 45 95
45 96 45 107
45 108 45 119
45 120 45 131
45 132 45 143
45 157 45 168
45 169 45 180
45 181 45 192
45 193 45 204
45 205 45 216
45 217 45 228
45 229 45 240
46 13 46 24
46 25 46 36
46 37 46 48
46 62 46 73
46 74 46 85
46 86 46 97
46 111 46 122
46 123 46 134
46 135 46 146
46 147 46 158
46 172 46 183
46 184 46 195
46 196 46 207
46 208 46 219
46 220 46 231
46 232 46 243
47 0 47 11
47 12 47 23
47 24 47 35
47 36 47 47
47 48 47 59
47 60 47 71
47 72 47 83
47 84 47 95
47 96 47 107
47 108 47 119
47 120 47 131
47 145 47 156
47 157 47 168
47 169 47 180
47 181 47 192
47 193 47 204
47 218 47 229
48 13 48 24
48 25 48 36
48 37 48 48
48 49 48 60
48 74 48 85
48 86 48 97
48 98 48 109
48 123 48 134
48 148 48 159
48 173 48 184
48 185 48 196
48 197 48 208
48 209 48 220
48 221 48 232
48 233 48 244
49 0 49 11
49 12 49 23
49 24 49 35
49 75 49 86
49 87 49 98
49 99 49 110
49 111 49 122
49 123 49 134
49 135 49 146
49 147 49 158
49 159 49 170
49 171 49 182
49 196 49 207
49 208 49 219
49 220 49 231
49 232 49 243
50 0 50 11
50 12 50 23
50 24 50 35
50 36 50 47
50 48 50 59
50 60 50 71
50 72 50 83
50 84 50 95
50 96 50 107
50 121 50 132
50 133 50 144
50 145 50 156
50 157 50 168
50 169 50 180
50 181 50 192
50 193 50 204
50 205 50 216
50 217 50 228
50 229 50 240
51 0 51 11
51 12 51 23
51 24 51 35
51 36 51 47
51 48 51 59
51 73 51 84
51 85 51 96
51 97 51 108
51 109 51 120
51 121 51 132
51 133 51 144
51 145 51 156
51 157 51 168
51 169 51 180
51 181 51 192
51 193 51 204
51 205 51 216
51 217 51 228
51 229 51 240
52 0 52 11
52 12 52 23
52 24 52 35
52 49 52 60
52 61 52 72
52 73 52 84
52 85 52 96
52 97 52 108
52 122 52 133
52 147 52 158
52 159 52 170
52 197 52 208
52 209 52 220
52 221 52 232
53 0 53 11
53 12 53 23
53 24 53 35
53 36 53 47
53 61 53 72
53 73 53 84
53 85 53 96
53 97 53 108
53 109 53 120
53 121 53 132
53 133 53 144
53 145 53 156
53 157 53 168
53 169 53 180
53 207 53 218
53 219 53 230
53 231 53 242
54 0 54 11
54 12 54 23
54 24 54 35
54 36 54 47
54 48 54 59
54 73 54 84
54 85 54 96
54 97 54 108
54 122 54 133
54 134 54 145
54 146 54 157
54 158 54 169
54 170 54 181
54 182 54 193
54 194 54 205
54 206 54 217
54 218 54 229
55 0 55 11
55 12 55 23
55 24 55 35
55 36 55 47
55 48 55 59
55 86 55 97
55 98 55 109
55 110 55 121
55 122 55 133
55 147 55 158
55 159 55 170
55 171 55 182
55 196 55 207
55 208 55 219
55 220 55 231
56 0 56 11
56 12 56 23
56 37 56 48
56 49 56 60
56 61 56 72
56 73 56 84
56 85 56 96
56 97 56 108
56 109 56 120
56 121 56 132
56 146 56 157
56 158 56 169
56 170 56 181
56 182 56 193
56 207 56 218
56 219 56 230
57 0 57 11
57 25 57 36
57 37 57 48
57 49 57 60
57 61 57 72
57 73 57 84
57 85 57 96
57 110 57 121
57 122 57 133
57 147 57 158
57 172 57 183
57 184 57 195
57 209 57 220
57 234 57 245
58 0 58 11
58 12 58 23
58 24 58 35
58 36 58 47
58 48 58 59
58 60 58 71
58 72 58 83
58 84 58 95
58 96 58 107
58 108 58 119
58 120 58 131
58 145 58 156
58 157 58 168
58 169 58 180
58 181 58 192
58 193 58 204
58 205 58 216
58 217 58 228
58 229 58 240
59 0 59 11
59 12 59 23
59 24 59 35
59 36 59 47
59 48 59 59
59 60 59 71
59 72 59 83
59 84 59 95
59 96 59 107
59 108 59 119
59 133 59 144
59 145 59 156
59 170 59 181
59 182 59 193
59 233 59 244
60 13 60 24
60 25 60 36
60 37 60 48
60 49 60 60
60 61 60 72
60 73 60 84
60 85 60 96
60 123 60 134
60 135 60 146
60 147 60 158
60 159 60 170
60 171 60 182
60 183 60 194
60 195 60 206
60 207 60 218
60 219 60 230
60 231 60 242
61 0 61 11
61 12 61 23
61 37 61 48
61 49 61 60
61 61 61 72
61 73 61 84
61 85 61 96
61 97 61 108
61 122 61 133
61 134 61 145
61 146 61 157
61 158 61 169
61 170 61 181
61 182 61 193
61 194 61 205
61 206 61 217
61 218 61 229
61 230 61 241
62 0 62 11
62 12 62 23
62 24 62 35
62 36 62 47
62 48 62 59
62 60 62 71
62 85 62 96
62 110 62 121
62 135 62 146
62 147 62 158
62 159 62 170
62 171 62 182
62 183 62 194
62 195 62 206
62 207 62 218
62 219 62 230
62 231 62 242
63 13 63 24
63 25 63 36
63 37 63 48
63 49 63 60
63 61 63 72
63 73 63 84
63 85 63 96
63 97 63 108
63 109 63 120
63 121 63 132
63 133 63 144
63 145 63 156
63 157 63 168
63 169 63 180
63 181 63 192
63 206 63 217
63 218 63 229
63 230 63 241
63 242 63 249
64 0 64 11
64 12 64 23
64 37 64 48
64 49 64 60
64 87 64 98
64 112 64 123
64 124 64 135
64 136 64 147
64 148 64 159
64 160 64 171
64 172 64 183
64 184 64 195
64 196 64 207
64 221 64 232
65 0 65 11
65 25 65 36
65 37 65 48
65 49 65 60
65 61 65 72
65 73 65 84
65 98 65 109
65 110 65 121
65 122 65 133
65 134 65 145
65 146 65 157
65 158 65 169
65 170 65 181
65 182 65 193
65 194 65 205
65 206 65 217
65 218 65 229
65 230 65 241
66 0 66 11
66 12 66 23
66 24 66 35
66 36 66 47
66 74 66 85
66 99 66 110
66 111 66 122
66 123 66 134
66 135 66 146
66 147 66 158
66 159 66 170
66 171 66 182
66 183 66 194
66 208 66 219
66 220 66 231
67 0 67 11
67 12 67 23
67 24 67 35
67 36 67 47
67 48 67 59
67 60 67 71
67 72 67 83
67 84 67 95
67 96 67 107
67 108 67 119
67 120 67 131
67 132 67 143
67 144 67 155
67 156 67 167
67 168 67 179
67 193 67 204
67 205 67 216
67 217 67 228
67 229 67 240
68 0 68 11
68 12 68 23
68 24 68 35
68 49 68 60
68 61 68 72
68 73 68 84
68 98 68 109
68 110 68 121
68 122 68 133
68 134 68 145
68 146 68 157
68 158 68 169
68 183 68 194
68 195 68 206
68 207 68 218
68 219 68 230
69 0 69 11
69 12 69 23
69 24 69 35
69 36 69 47
69 48 69 59
69 60 69 71
69 72 69 83
69 84 69 95
69 122 69 133
69 134 69 145
69 146 69 157
69 158 69 169
69 170 69 181
69 182 69 193
69 194 69 205
69 206 69 217
69 218 69 229
69 230 69 241
70 0 70 11
70 12 70 23
70 24 70 35
70 36 70 47
70 48 70 59
70 60 70 71
70 72 70 83
70 84 70 95
70 96 70 107
70 108 70 119
70 120 70 131
70 132 70 143
70 144 70 155
70 169 70 180
70 181 70 192
70 193 70 204
70 205 70 216
70 217 70 228
70 242 70 249
71 0 71 11
71 12 71 23
71 24 71 35
71 36 71 47
71 48 71 59
71 60 71 71
71 72 71 83
71 84 71 95
71 96 71 107
71 108 71 119
71 120 71 131
71 132 71 143
71 144 71 155
71 156 71 167
71 168 71 179
71 180 71 191
71 192 71 203
71 230 71 241
72 0 72 11
72 12 72 23
72 24 72 35
72 49 72 60
72 61 72 72
72 73 72 84
72 85 72 96
72 97 72 108
72 109 72 120
72 121 72 132
72 133 72 144
72 171 72 182
72 183 72 194
72 195 72 206
72 207 72 218
72 219 72 230
72 231 72 242
73 0 73 11
73 12 73 23
73 24 73 35
73 49 73 60
73 61 73 72
73 73 73 84
73 85 73 96
73 97 73 108
73 109 73 120
73 121 73 132
73 133 73 144
73 171 73 182
73 183 73 194
73 195 73 206
73 207 73 218
73 219 73 230
74 0 74 11
74 12 74 23
74 24 74 35
74 36 74 47
74 48 74 59
74 60 74 71
74 72 74 83
74 84 74 95
74 96 74 107
74 108 74 119
74 120 74 131
74 132 74 143
74 144 74 155
74 156 74 167
74 168 74 179
74 180 74 191
74 192 74 203
74 204 74 215
74 229 74 240
75 0 75 11
75 12 75 23
75 24 75 35
75 49 75 60
75 74 75 85
75 112 75 123
75 124 75 135
75 136 75 147
75 161 75 172
75 173 75 184
75 185 75 196
75 197 75 208
75 209 75 220
75 221 75 232
75 233 75 244
76 0 76 11
76 12 76 23
76 24 76 35
76 36 76 47
76 61 76 72
76 73 76 84
76 98 76 109
76 110 76 121
76 122 76 133
76 134 76 145
76 146 76 157
76 158 76 169
76 183 76 194
76 195 76 206
76 207 76 218
76 219 76 230
76 231 76 242
77 0 77 11
77 12 77 23
77 24 77 35
77 36 77 47
77 48 77 59
77 60 77 71
77 72 77 83
77 84 77 95
77 122 77 133
77 134 77 145
77 159 77 170
77 171 77 182
77 183 77 194
77 195 77 206
77 220 77 231
77 232 77 243
78 0 78 11
78 12 78 23
78 24 78 35
78 36 78 47
78 48 78 59
78 60 78 71
78 72 78 83
78 84 78 95
78 96 78 107
78 121 78 132
78 133 78 144
78 158 78 169
78 170 78 181
78 182 78 193
78 194 78 205
78 206 78 217
78 218 78 229
78 230 78 241
78 242 78 249
79 0 79 11
79 12 79 23
79 24 79 35
79 36 79 47
79 48 79 59
79 60 79 71
79 85 79 96
79 97 79 108
79 109 79 120
79 121 79 132
79 133 79 144
79 145 79 156
79 157 79 168
79 169 79 180
79 181 79 192
79 206 79 217
79 218 79 229
79 230 79 241
80 0 80 11
80 12 80 23
80 24 80 35
80 36 80 47
80 48 80 59
80 73 80 84
80 85 80 96
80 97 80 108
80 122 80 133
80 134 80 145
80 146 80 157
80 171 80 182
80 183 80 194
80 195 80 206
80 207 80 218
80 219 80 230
81 0 81 11
81 12 81 23
81 24 81 35
81 36 81 47
81 48 81 59
81 60 81 71
81 85 81 96
81 97 81 108
81 109 81 120
81 121 81 132
81 133 81 144
81 158 81 169
81 170 81 181
81 182 81 193
81 207 81 218
81 219 81 230
82 0 82 11
82 12 82 23
82 24 82 35
82 36 82 47
82 48 82 59
82 60 82 71
82 72 82 83
82 84 82 95
82 96 82 107
82 108 82 119
82 120 82 131
82 132 82 143
82 144 82 155
82 156 82 167
82 168 82 179
82 180 82 191
82 192 82 203
82 204 82 215
82 216 82 227
82 228 82 239
83 0 83 11
83 12 83 23
83 24 83 35
83 36 83 47
83 48 83 59
83 60 83 71
83 72 83 83
83 84 83 95
83 96 83 107
83 108 83 119
83 120 83 131
83 132 83 143
83 144 83 155
83 169 83 180
83 181 83 192
83 193 83 204
83 205 83 216
83 217 83 228
83 229 83 240
84 0 84 11
84 12 84 23
84 37 84 48
84 88 84 99
84 100 84 111
84 125 84 136
84 150 84 161
84 162 84 173
84 174 84 185
84 186 84 197
84 211 84 222
84 236 84 247
85 13 85 24
85 25 85 36
85 50 85 61
85 62 85 73
85 74 85 85
85 86 85 97
85 124 85 135
85 136 85 147
85 148 85 159
85 160 85 171
85 172 85 183
85 184 85 195
85 196 85 207
85 208 85 219
85 220 85 231
85 232 85 243
86 0 86 11
86 12 86 23
86 24 86 35
86 36 86 47
86 48 86 59
86 73 86 84
86 85 86 96
86 97 86 108
86 109 86 120
86 121 86 132
86 133 86 144
86 145 86 156
86 157 86 168
86 169 86 180
86 181 86 192
86 193 86 204
86 205 86 216
86 230 86 241
87 0 87 11
87 25 87 36
87 37 87 48
87 49 87 60
87 61 87 72
87 73 87 84
87 85 87 96
87 97 87 108
87 109 87 120
87 121 87 132
87 146 87 157
87 158 87 169
87 170 87 181
87 195 87 206
87 207 87 218
87 219 87 230
87 231 87 242
88 0 88 11
88 12 88 23
88 37 88 48
88 49 88 60
88 61 88 72
88 73 88 84
88 85 88 96
88 97 88 108
88 109 88 120
88 121 88 132
88 133 88 144
88 145 88 156
88 157 88 168
88 169 88 180
88 181 88 192
88 193 88 204
88 218 88 229
88 230 88 241
89 0 89 11
89 25 89 36
89 37 89 48
89 62 89 73
89 74 89 85
89 86 89 97
89 98 89 109
89 110 89 121
89 122 89 133
89 134 89 145
89 146 89 157
89 158 89 169
89 170 89 181
89 182 89 193
89 194 89 205
89 219 89 230
89 231 89 242
90 0 90 11
90 25 90 36
90 37 90 48
90 49 90 60
90 61 90 72
90 73 90 84
90 85 90 96
90 97 90 108
90 109 90 120
90 121 90 132
90 133 90 144
90 158 90 169
90 170 90 181
90 182 90 193
90 194 90 205
90 206 90 217
90 231 90 242
91 0 91 11
91 12 91 23
91 24 91 35
91 36 91 47
91 48 91 59
91 60 91 71
91 72 91 83
91 97 91 108
91 109 91 120
91 121 91 132
91 133 91 144
91 158 91 169
91 170 91 181
91 195 91 206
91 220 91 231
92 0 92 11
92 12 92 23
92 24 92 35
92 36 92 47
92 48 92 59
92 60 92 71
92 72 92 83
92 84 92 95
92 96 92 107
92 121 92 132
92 133 92 144
92 145 92 156
92 157 92 168
92 169 92 180
92 181 92 192
92 193 92 204
92 205 92 216
92 230 92 241
93 0 93 11
93 12 93 23
93 24 93 35
93 36 93 47
93 48 93 59
93 60 93 71
93 85 93 96
93 97 93 108
93 109 93 120
93 121 93 132
93 133 93 144
93 145 93 156
93 157 93 168
93 169 93 180
93 194 93 205
93 206 93 217
93 218 93 229
93 230 93 241
94 0 94 11
94 12 94 23
94 37 94 48
94 49 94 60
94 61 94 72
94 73 94 84
94 85 94 96
94 97 94 108
94 109 94 120
94 121 94 132
94 133 94 144
94 145 94 156
94 170 94 181
94 182 94 193
94 194 94 205
94 206 94 217
94 218 94 229
94 230 94 241
95 0 95 11
95 12 95 23
95 24 95 35
95 36 95 47
95 48 95 59
95 60 95 71
95 72 95 83
95 84 95 95
95 109 95 120
95 121 95 132
95 133 95 144
95 145 95 156
95 157 95 168
95 169 95 180
95 194 95 205
95 206 95 217
95 218 95 229
95 230 95 241
96 0 96 11
96 12 96 23
96 24 96 35
96 49 96 60
96 74 96 85
96 86 96 97
96 98 96 109
96 110 96 121
96 122 96 133
96 134 96 145
96 146 96 157
96 158 96 169
96 170 96 181
96 182 96 193
96 207 96 218
96 219 96 230
96 231 96 242
97 13 97 24
97 25 97 36
97 37 97 48
97 49 97 60
97 61 97 72
97 73 97 84
97 98 97 109
97 123 97 134
97 135 97 146
97 147 97 158
97 159 97 170
97 171 97 182
97 183 97 194
97 195 97 206
97 207 97 218
97 219 97 230
97 231 97 242
98 0 98 11
98 12 98 23
98 24 98 35
98 36 98 47
98 48 98 59
98 60 98 71
98 72 98 83
98 84 98 95
98 96 98 107
98 134 98 145
98 146 98 157
98 158 98 169
98 170 98 181
98 182 98 193
98 194 98 205
98 206 98 217
98 218 98 229
98 230 98 241
98 242 98 249
99 0 99 11
99 12 99 23
99 24 99 35
99 36 99 47
99 48 99 59
99 60 99 71
99 85 99 96
99 97 99 108
99 135 99 146
99 147 99 158
99 159 99 170
99 171 99 182
99 196 99 207
99 208 99 219
99 220 99 231
100 0 100 11
100 12 100 23
100 24 100 35
100 36 100 47
100 48 100 59
100 60 100 71
100 72 100 83
100 84 100 95
100 96 100 107
100 108 100 119
100 120 100 131
100 132 100 143
100 144 100 155
100 156 100 167
100 168 100 179
100 180 100 191
100 192 100 203
100 217 100 228
100 229 100 240
101 0 101 11
101 12 101 23
101 24 101 35
101 36 101 47
101 48 101 59
101 60 101 71
101 72 101 83
101 97 101 108
101 109 101 120
101 121 101 132
101 133 101 144
101 158 101 169
101 170 101 181
101 195 101 206
101 207 101 218
101 232 101 243
102 0 102 11
102 12 102 23
102 37 102 48
102 49 102 60
102 74 102 85
102 86 102 97
102 111 102 122
102 123 102 134
102 135 102 146
102 147 102 158
102 159 102 170
102 171 102 182
102 183 102 194
102 195 102 206
102 207 102 218
102 219 102 230
102 231 102 242
103 0 103 11
103 12 103 23
103 24 103 35
103 36 103 47
103 48 103 59
103 60 103 71
103 72 103 83
103 84 103 95
103 96 103 107
103 134 103 145
103 146 103 157
103 158 103 169
103 170 103 181
103 208 103 219
103 220 103 231
103 232 103 243
104 13 104 24
104 25 104 36
104 37 104 48
104 49 104 60
104 74 104 85
104 86 104 97
104 98 104 109
104 110 104 121
104 122 104 133
104 134 104 145
104 146 104 157
104 158 104 169
104 170 104 181
104 182 104 193
104 194 104 205
104 206 104 217
104 218 104 229
104 230 104 241
104 242 104 249
105 0 105 11
105 12 105 23
105 24 105 35
105 36 105 47
105 48 105 59
105 60 105 71
105 85 105 96
105 97 105 108
105 109 105 120
105 121 105 132
105 133 105 144
105 145 105 156
105 157 105 168
105 169 105 180
105 181 105 192
105 193 105 204
105 205 105 216
105 217 105 228
105 229 105 240
105 241 105 249
106 0 106 11
106 12 106 23
106 24 106 35
106 36 106 47
106 48 106 59
106 73 106 84
106 85 106 96
106 97 106 108
106 109 106 120
106 121 106 132
106 133 106 144
106 145 106 156
106 183 106 194
106 195 106 206
106 220 106 231
106 232 106 243
107 0 107 11
107 12 107 23
107 24 107 35
107 36 107 47
107 48 107 59
107 60 107 71
107 72 107 83
107 84 107 95
107 96 107 107
107 108 107 119
107 120 107 131
107 132 107 143
107 144 107 155
107 169 107 180
107 181 107 192
107 206 107 217
107 218 107 229
107 230 107 241
108 0 108 11
108 12 108 23
108 37 108 48
108 49 108 60
108 61 108 72
108 86 108 97
108 98 108 109
108 110 108 121
108 135 108 146
108 147 108 158
108 159 108 170
108 171 108 182
108 183 108 194
108 195 108 206
108 207 108 218
108 219 108 230
108 231 108 242
109 0 109 11
109 12 109 23
109 24 109 35
109 36 109 47
109 48 109 59
109 60 109 71
109 72 109 83
109 84 109 95
109 96 109 107
109 108 109 119
109 120 109 131
109 145 109 156
109 157 109 168
109 169 109 180
109 181 109 192
109 206 109 217
109 231 109 242
110 0 110 11
110 12 110 23
110 24 110 35
110 36 110 47
110 48 110 59
110 86 110 97
110 98 110 109
110 110 110 121
110 122 110 133
110 134 110 145
110 159 110 170
110 171 110 182
110 183 110 194
110 195 110 206
110 207 110 218
110 219 110 230
111 13 111 24
111 38 111 49
111 50 111 61
111 62 111 73
111 74 111 85
111 86 111 97
111 98 111 109
111 110 111 121
111 122 111 133
111 134 111 145
111 146 111 157
111 171 111 182
111 183 111 194
111 195 111 206
111 220 111 231
111 232 111 243
112 0 112 11
112 38 112 49
112 50 112 61
112 62 112 73
112 74 112 85
112 86 112 97
112 98 112 109
112 110 112 121
112 122 112 133
112 134 112 145
112 146 112 157
112 158 112 169
112 170 112 181
112 182 112 193
112 194 112 205
112 206 112 217
112 218 112 229
112 230 112 241
113 0 113 11
113 25 113 36
113 50 113 61
113 62 113 73
113 74 113 85
113 86 113 97
113 98 113 109
113 110 113 121
113 122 113 133
113 134 113 145
113 146 113 157
113 158 113 169
113 170 113 181
113 182 113 193
113 207 113 218
113 219 113 230
113 231 113 242
114 0 114 11
114 12 114 23
114 24 114 35
114 36 114 47
114 48 114 59
114 60 114 71
114 72 114 83
114 84 114 95
114 96 114 107
114 108 114 119
114 120 114 131
114 132 114 143
114 144 114 155
114 156 114 167
114 168 114 179
114 180 114 191
114 192 114 203
114 204 114 215
114 216 114 227
115 0 115 11
115 12 115 23
115 24 115 35
115 36 115 47
115 48 115 59
115 60 115 71
115 85 115 96
115 97 115 108
115 109 115 120
115 121 115 132
115 133 115 144
115 145 115 156
115 170 115 181
115 182 115 193
115 207 115 218
115 219 115 230
115 231 115 242
116 26 116 37
116 38 116 49
116 50 116 61
116 62 116 73
116 74 116 85
116 86 116 97
116 98 116 109
116 110 116 121
116 122 116 133
116 134 116 145
116 146 116 157
116 158 116 169
116 183 116 194
116 195 116 206
116 233 116 244
117 0 117 11
117 12 117 23
117 37 117 48
117 49 117 60
117 61 117 72
117 73 117 84
117 98 117 109
117 110 117 121
117 135 117 146
117 147 117 158
117 159 117 170
117 171 117 182
117 183 117 194
117 195 117 206
117 207 117 218
117 219 117 230
117 231 117 242
118 0 118 11
118 12 118 23
118 24 118 35
118 49 118 60
118 61 118 72
118 73 118 84
118 98 118 109
118 110 118 121
118 122 118 133
118 134 118 145
118 146 118 157
118 158 118 169
118 170 118 181
118 182 118 193
118 194 118 205
118 206 118 217
118 218 118 229
118 230 118 241
119 13 119 24
119 25 119 36
119 37 119 48
119 49 119 60
119 61 119 72
119 73 119 84
119 85 119 96
119 97 119 108
119 122 119 133
119 134 119 145
119 146 119 157
119 184 119 195
119 196 119 207
119 208 119 219
119 220 119 231
120 0 120 11
120 12 120 23
120 24 120 35
120 36 120 47
120 48 120 59
120 60 120 71
120 72 120 83
120 84 120 95
120 96 120 107
120 121 120 132
120 133 120 144
120 171 120 182
120 183 120 194
120 195 120 206
120 207 120 218
120 219 120 230
120 231 120 242
121 0 121 11
121 12 121 23
121 37 121 48
121 62 121 73
121 87 121 98
121 99 121 110
121 111 121 122
121 123 121 134
121 135 121 146
121 173 121 184
121 185 121 196
121 197 121 208
121 209 121 220
121 221 121 232
121 233 121 244
122 13 122 24
122 38 122 49
122 50 122 61
122 62 122 73
122 74 122 85
122 86 122 97
122 111 122 122
122 123 122 134
122 135 122 146
122 147 122 158
122 159 122 170
122 171 122 182
122 183 122 194
122 195 122 206
122 207 122 218
122 219 122 230
122 231 122 242
123 13 123 24
123 25 123 36
123 37 123 48
123 49 123 60
123 61 123 72
123 86 123 97
123 98 123 109
123 110 123 121
123 122 123 133
123 134 123 145
123 172 123 183
123 184 123 195
123 196 123 207
123 208 123 219
123 220 123 231
124 0 124 11
124 25 124 36
124 50 124 61
124 62 124 73
124 87 124 98
124 99 124 110
124 111 124 122
124 123 124 134
124 135 124 146
124 147 124 158
124 159 124 170
124 184 124 195
124 196 124 207
124 234 124 245
125 0 125 11
125 12 125 23
125 24 125 35
125 36 125 47
125 74 125 85
125 99 125 110
125 124 125 135
125 136 125 147
125 148 125 159
125 160 125 171
125 185 125 196
125 197 125 208
125 209 125 220
125 221 125 232
125 233 125 244
126 13 126 24
126 38 126 49
126 50 126 61
126 62 126 73
126 74 126 85
126 86 126 97
126 98 126 109
126 110 126 121
126 135 126 146
126 147 126 158
126 159 126 170
126 184 126 195
126 196 126 207
126 208 126 219
126 220 126 231
126 232 126 243
127 0 127 11
127 12 127 23
127 24 127 35
127 49 127 60
127 61 127 72
127 73 127 84
127 98 127 109
127 110 127 121
127 122 127 133
127 134 127 145
127 146 127 157
127 171 127 182
127 183 127 194
127 208 127 219
127 220 127 231
127 232 127 243
128 0 128 11
128 12 128 23
128 24 128 35
128 36 128 47
128 48 128 59
128 60 128 71
128 72 128 83
128 84 128 95
128 96 128 107
128 108 128 119
128 133 128 144
128 145 128 156
128 157 128 168
128 169 128 180
128 181 128 192
128 193 128 204
128 205 128 216
128 217 128 228
128 242 128 249
129 26 129 37
129 38 129 49
129 50 129 61
129 62 129 73
129 87 129 98
129 99 129 110
129 111 129 122
129 136 129 147
129 148 129 159
129 160 129 171
129 172 129 183
129 184 129 195
129 196 129 207
129 208 129 219
129 220 129 231
129 232 129 243
130 0 130 11
130 25 130 36
130 37 130 48
130 49 130 60
130 61 130 72
130 73 130 84
130 85 130 96
130 97 130 108
130 109 130 120
130 121 130 132
130 146 130 157
130 158 130 169
130 183 130 194
130 195 130 206
130 207 130 218
130 219 130 230
130 231 130 242
131 0 131 11
131 25 131 36
131 37 131 48
131 49 131 60
131 61 131 72
131 73 131 84
131 85 131 96
131 97 131 108
131 109 131 120
131 134 131 145
131 146 131 157
131 158 131 169
131 170 131 181
131 195 131 206
131 207 131 218
131 219 131 230
131 231 131 242
132 0 132 11
132 25 132 36
132 37 132 48
132 49 132 60
132 61 132 72
132 73 132 84
132 85 132 96
132 97 132 108
132 109 132 120
132 121 132 132
132 133 132 144
132 145 132 156
132 170 132 181
132 195 132 206
132 207 132 218
132 219 132 230
133 13 133 24
133 25 133 36
133 37 133 48
133 49 133 60
133 61 133 72
133 86 133 97
133 98 133 109
133 110 133 121
133 122 133 133
133 134 133 145
133 146 133 157
133 158 133 169
133 170 133 181
133 182 133 193
133 194 133 205
133 206 133 217
133 231 133 242
134 13 134 24
134 25 134 36
134 37 134 48
134 49 134 60
134 61 134 72
134 73 134 84
134 85 134 96
134 97 134 108
134 109 134 120
134 121 134 132
134 146 134 157
134 158 134 169
134 183 134 194
134 195 134 206
134 207 134 218
134 219 134 230
134 231 134 242
135 0 135 11
135 12 135 23
135 24 135 35
135 49 135 60
135 61 135 72
135 73 135 84
135 111 135 122
135 136 135 147
135 148 135 159
135 160 135 171
135 172 135 183
135 184 135 195
135 196 135 207
135 208 135 219
135 220 135 231
135 232 135 243
136 0 136 11
136 25 136 36
136 50 136 61
136 62 136 73
136 74 136 85
136 86 136 97
136 98 136 109
136 110 136 121
136 148 136 159
136 160 136 171
136 172 136 183
136 184 136 195
136 196 136 207
136 208 136 219
136 220 136 231
136 232 136 243
137 0 137 11
137 12 137 23
137 24 137 35
137 36 137 47
137 48 137 59
137 60 137 71
137 72 137 83
137 97 137 108
137 122 137 133
137 134 137 145
137 146 137 157
137 158 137 169
137 170 137 181
137 182 137 193
137 194 137 205
137 206 137 217
137 218 137 229
137 230 137 241
138 0 138 11
138 12 138 23
138 37 138 48
138 49 138 60
138 61 138 72
138 73 138 84
138 85 138 96
138 110 138 121
138 122 138 133
138 134 138 145
138 159 138 170
138 184 138 195
138 209 138 220
138 221 138 232
138 233 138 244
139 0 139 11
139 12 139 23
139 24 139 35
139 36 139 47
139 48 139 59
139 73 139 84
139 98 139 109
139 110 139 121
139 122 139 133
139 134 139 145
139 146 139 157
139 158 139 169
139 170 139 181
139 182 139 193
139 194 139 205
139 206 139 217
139 231 139 242
140 0 140 11
140 12 140 23
140 24 140 35
140 36 140 47
140 61 140 72
140 73 140 84
140 85 140 96
140 110 140 121
140 122 140 133
140 134 140 145
140 172 140 183
140 184 140 195
140 196 140 207
140 208 140 219
140 220 140 231
140 232 140 243
141 0 141 11
141 12 141 23
141 24 141 35
141 36 141 47
141 48 141 59
141 60 141 71
141 72 141 83
141 84 141 95
141 96 141 107
141 108 141 119
141 120 141 131
141 132 141 143
141 144 141 155
141 156 141 167
141 168 141 179
141 180 141 191
141 192 141 203
141 204 141 215
141 216 141 227
141 228 141 239
141 240 141 249
142 0 142 11
142 12 142 23
142 24 142 35
142 36 142 47
142 61 142 72
142 73 142 84
142 85 142 96
142 97 142 108
142 109 142 120
142 121 142 132
142 133 142 144
142 145 142 156
142 157 142 168
142 169 142 180
142 181 142 192
142 193 142 204
142 205 142 216
142 217 142 228
142 229 142 240
142 241 142 249
143 0 143 11
143 12 143 23
143 24 143 35
143 36 143 47
143 48 143 59
143 73 143 84
143 85 143 96
143 97 143 108
143 109 143 120
143 121 143 132
143 133 143 144
143 145 143 156
143 157 143 168
143 169 143 180
143 181 143 192
143 193 143 204
143 205 143 216
143 217 143 228
143 229 143 240
143 241 143 249
144 0 144 11
144 12 144 23
144 24 144 35
144 36 144 47
144 61 144 72
144 73 144 84
144 111 144 122
144 136 144 147
144 148 144 159
144 160 144 171
144 172 144 183
144 184 144 195
144 196 144 207
144 221 144 232
145 0 145 11
145 25 145 36
145 37 145 48
145 49 145 60
145 74 145 85
145 86 145 97
145 98 145 109
145 110 145 121
145 122 145 133
145 134 145 145
145 146 145 157
145 171 145 182
145 183 145 194
145 195 145 206
145 207 145 218
145 219 145 230
145 231 145 242
146 0 146 11
146 12 146 23
146 24 146 35
146 36 146 47
146 48 146 59
146 60 146 71
146 72 146 83
146 84 146 95
146 109 146 120
146 134 146 145
146 146 146 157
146 158 146 169
146 170 146 181
146 182 146 193
146 194 146 205
146 206 146 217
146 218 146 229
146 230 146 241
147 0 147 11
147 25 147 36
147 37 147 48
147 62 147 73
147 87 147 98
147 99 147 110
147 111 147 122
147 123 147 134
147 135 147 146
147 160 147 171
147 172 147 183
147 184 147 195
147 196 147 207
147 221 147 232
147 233 147 244
148 0 148 11
148 12 148 23
148 24 148 35
148 36 148 47
148 48 148 59
148 60 148 71
148 98 148 109
148 110 148 121
148 122 148 133
148 134 148 145
148 146 148 157
148 158 148 169
148 170 148 181
148 208 148 219
148 220 148 231
148 232 148 243
149 0 149 11
149 25 149 36
149 50 149 61
149 62 149 73
149 74 149 85
149 86 149 97
149 98 149 109
149 110 149 121
149 122 149 133
149 147 149 158
149 159 149 170
149 184 149 195
149 196 149 207
149 208 149 219
149 220 149 231
149 232 149 243
150 13 150 24
150 25 150 36
150 37 150 48
150 49 150 60
150 87 150 98
150 99 150 110
150 124 150 135
150 136 150 147
150 148 150 159
150 173 150 184
150 211 150 222
150 223 150 234
151 0 151 11
151 25 151 36
151 37 151 48
151 49 151 60
151 61 151 72
151 73 151 84
151 98 151 109
151 110 151 121
151 122 151 133
151 134 151 145
151 146 151 157
151 158 151 169
151 183 151 194
151 195 151 206
151 207 151 218
151 219 151 230
151 231 151 242
152 0 152 11
152 12 152 23
152 24 152 35
152 49 152 60
152 61 152 72
152 73 152 84
152 85 152 96
152 110 152 121
152 122 152 133
152 134 152 145
152 146 152 157
152 158 152 169
152 170 152 181
152 182 152 193
152 194 152 205
152 206 152 217
153 0 153 11
153 12 153 23
153 24 153 35
153 36 153 47
153 48 153 59
153 60 153 71
153 85 153 96
153 97 153 108
153 109 153 120
153 121 153 132
153 146 153 157
153 158 153 169
153 183 153 194
153 195 153 206
153 207 153 218
153 219 153 230
154 0 154 11
154 38 154 49
154 50 154 61
154 62 154 73
154 74 154 85
154 99 154 110
154 111 154 122
154 123 154 134
154 135 154 146
154 147 154 158
154 159 154 170
154 171 154 182
154 196 154 207
154 208 154 219
154 233 154 244
155 13 155 24
155 25 155 36
155 37 155 48
155 49 155 60
155 61 155 72
155 73 155 84
155 85 155 96
155 97 155 108
155 109 155 120
155 121 155 132
155 133 155 144
155 145 155 156
155 157 155 168
155 169 155 180
155 181 155 192
155 193 155 204
155 205 155 216
155 217 155 228
156 13 156 24
156 25 156 36
156 37 156 48
156 49 156 60
156 74 156 85
156 99 156 110
156 111 156 122
156 123 156 134
156 135 156 146
156 147 156 158
156 172 156 183
156 184 156 195
156 196 156 207
156 221 156 232
156 233 156 244
157 0 157 11
157 12 157 23
157 24 157 35
157 36 157 47
157 48 157 59
157 60 157 71
157 85 157 96
157 97 157 108
157 109 157 120
157 134 157 145
157 146 157 157
157 158 157 169
157 170 157 181
157 182 157 193
157 207 157 218
157 219 157 230
158 0 158 11
158 12 158 23
158 24 158 35
158 36 158 47
158 48 158 59
158 73 158 84
158 85 158 96
158 97 158 108
158 109 158 120
158 134 158 145
158 146 158 157
158 158 158 169
158 170 158 181
158 182 158 193
158 194 158 205
158 206 158 217
158 218 158 229
158 230 158 241
159 13 159 24
159 25 159 36
159 37 159 48
159 62 159 73
159 74 159 85
159 86 159 97
159 98 159 109
159 110 159 121
159 122 159 133
159 134 159 145
159 159 159 170
159 171 159 182
159 196 159 207
159 208 159 219
159 220 159 231
159 232 159 243
160 0 160 11
160 25 160 36
160 37 160 48
160 49 160 60
160 61 160 72
160 73 160 84
160 85 160 96
160 97 160 108
160 109 160 120
160 121 160 132
160 133 160 144
160 145 160 156
160 157 160 168
160 169 160 180
160 181 160 192
160 193 160 204
160 205 160 216
160 217 160 228
161 0 161 11
161 12 161 23
161 24 161 35
161 36 161 47
161 48 161 59
161 60 161 71
161 98 161 109
161 110 161 121
161 122 161 133
161 134 161 145
161 146 161 157
161 158 161 169
161 170 161 181
161 182 161 193
161 207 161 218
161 219 161 230
161 231 161 242
162 0 162 11
162 12 162 23
162 24 162 35
162 36 162 47
162 48 162 59
162 60 162 71
162 72 162 83
162 84 162 95
162 96 162 107
162 108 162 119
162 133 162 144
162 145 162 156
162 157 162 168
162 169 162 180
162 181 162 192
162 193 162 204
162 205 162 216
162 217 162 228
162 242 162 249
163 0 163 11
163 12 163 23
163 37 163 48
163 62 163 73
163 87 163 98
163 99 163 110
163 111 163 122
163 123 163 134
163 135 163 146
163 147 163 158
163 159 163 170
163 171 163 182
163 183 163 194
163 195 163 206
163 207 163 218
163 219 163 230
163 231 163 242
164 13 164 24
164 25 164 36
164 37 164 48
164 49 164 60
164 74 164 85
164 86 164 97
164 98 164 109
164 110 164 121
164 122 164 133
164 134 164 145
164 146 164 157
164 158 164 169
164 170 164 181
164 182 164 193
164 194 164 205
164 206 164 217
164 218 164 229
164 230 164 241
164 242 164 249
165 0 165 11
165 12 165 23
165 24 165 35
165 36 165 47
165 48 165 59
165 60 165 71
165 72 165 83
165 97 165 108
165 109 165 120
165 121 165 132
165 133 165 144
165 145 165 156
165 157 165 168
165 169 165 180
165 181 165 192
165 193 165 204
165 205 165 216
165 230 165 241
166 0 166 11
166 12 166 23
166 24 166 35
166 49 166 60
166 61 166 72
166 86 166 97
166 98 166 109
166 123 166 134
166 135 166 146
166 147 166 158
166 159 166 170
166 171 166 182
166 183 166 194
166 195 166 206
166 207 166 218
166 219 166 230
167 13 167 24
167 25 167 36
167 37 167 48
167 49 167 60
167 61 167 72
167 73 167 84
167 85 167 96
167 97 167 108
167 109 167 120
167 121 167 132
167 133 167 144
167 145 167 156
167 157 167 168
167 169 167 180
167 181 167 192
167 193 167 204
167 205 167 216
167 217 167 228
167 229 167 240
168 0 168 11
168 12 168 23
168 24 168 35
168 36 168 47
168 74 168 85
168 86 168 97
168 98 168 109
168 110 168 121
168 122 168 133
168 134 168 145
168 146 168 157
168 158 168 169
168 170 168 181
168 182 168 193
168 194 168 205
168 206 168 217
168 218 168 229
168 230 168 241
169 0 169 11
169 12 169 23
169 24 169 35
169 36 169 47
169 61 169 72
169 73 169 84
169 98 169 109
169 123 169 134
169 135 169 146
169 147 169 158
169 159 169 170
169 171 169 182
169 183 169 194
169 195 169 206
169 207 169 218
169 219 169 230
170 0 170 11
170 12 170 23
170 24 170 35
170 49 170 60
170 61 170 72
170 73 170 84
170 85 170 96
170 97 170 108
170 109 170 120
170 121 170 132
170 133 170 144
170 145 170 156
170 157 170 168
170 169 170 180
170 181 170 192
170 206 170 217
170 231 170 242
171 0 171 11
171 12 171 23
171 24 171 35
171 36 171 47
171 48 171 59
171 60 171 71
171 72 171 83
171 84 171 95
171 96 171 107
171 108 171 119
171 120 171 131
171 132 171 143
171 144 171 155
171 156 171 167
171 168 171 179
171 180 171 191
171 192 171 203
171 217 171 228
171 229 171 240
171 241 171 249
172 0 172 11
172 12 172 23
172 24 172 35
172 36 172 47
172 48 172 59
172 60 172 71
172 72 172 83
172 97 172 108
172 109 172 120
172 121 172 132
172 133 172 144
172 145 172 156
172 183 172 194
172 195 172 206
172 207 172 218
172 219 172 230
172 231 172 242
173 0 173 11
173 12 173 23
173 24 173 35
173 36 173 47
173 48 173 59
173 60 173 71
173 72 173 83
173 84 173 95
173 122 173 133
173 134 173 145
173 146 173 157
173 158 173 169
173 170 173 181
173 208 173 219
173 233 173 244
174 0 174 11
174 12 174 23
174 24 174 35
174 36 174 47
174 48 174 59
174 60 174 71
174 72 174 83
174 84 174 95
174 109 174 120
174 121 174 132
174 133 174 144
174 145 174 156
174 157 174 168
174 169 174 180
174 181 174 192
174 193 174 204
174 205 174 216
174 217 174 228
174 242 174 249
175 0 175 11
175 12 175 23
175 24 175 35
175 36 175 47
175 48 175 59
175 60 175 71
175 72 175 83
175 97 175 108
175 109 175 120
175 121 175 132
175 133 175 144
175 145 175 156
175 183 175 194
175 195 175 206
175 207 175 218
175 219 175 230
175 231 175 242
176 0 176 11
176 12 176 23
176 24 176 35
176 36 176 47
176 48 176 59
176 60 176 71
176 72 176 83
176 84 176 95
176 96 176 107
176 108 176 119
176 120 176 131
176 132 176 143
176 144 176 155
176 156 176 167
176 168 176 179
176 180 176 191
176 192 176 203
176 204 176 215
176 216 176 227
176 228 176 239
176 240 176 249
177 0 177 11
177 25 177 36
177 37 177 48
177 49 177 60
177 61 177 72
177 73 177 84
177 85 177 96
177 97 177 108
177 135 177 146
177 147 177 158
177 159 177 170
177 171 177 182
177 183 177 194
177 195 177 206
177 207 177 218
177 219 177 230
177 231 177 242
178 0 178 11
178 12 178 23
178 24 178 35
178 36 178 47
178 48 178 59
178 60 178 71
178 72 178 83
178 84 178 95
178 96 178 107
178 108 178 119
178 120 178 131
178 132 178 143
178 157 178 168
178 169 178 180
178 181 178 192
178 193 178 204
178 205 178 216
178 217 178 228
178 229 178 240
178 241 178 249
179 0 179 11
179 12 179 23
179 24 179 35
179 36 179 47
179 48 179 59
179 60 179 71
179 72 179 83
179 84 179 95
179 96 179 107
179 108 179 119
179 133 179 144
179 145 179 156
179 157 179 168
179 169 179 180
179 181 179 192
179 193 179 204
179 205 179 216
179 217 179 228
179 229 179 240
179 241 179 249
180 0 180 11
180 12 180 23
180 24 180 35
180 36 180 47
180 48 180 59
180 60 180 71
180 72 180 83
180 84 180 95
180 96 180 107
180 108 180 119
180 120 180 131
180 145 180 156
180 157 180 168
180 169 180 180
180 220 180 231
180 232 180 243
181 0 181 11
181 12 181 23
181 24 181 35
181 36 181 47
181 48 181 59
181 60 181 71
181 72 181 83
181 84 181 95
181 96 181 107
181 108 181 119
181 120 181 131
181 132 181 143
181 144 181 155
181 156 181 167
181 168 181 179
181 180 181 191
181 205 181 216
181 217 181 228
181 229 181 240
181 241 181 249
182 0 182 11
182 12 182 23
182 24 182 35
182 36 182 47
182 61 182 72
182 73 182 84
182 85 182 96
182 97 182 108
182 109 182 120
182 134 182 145
182 146 182 157
182 158 182 169
182 183 182 194
182 208 182 219
182 220 182 231
182 232 182 243
183 0 183 11
183 12 183 23
183 24 183 35
183 36 183 47
183 48 183 59
183 60 183 71
183 72 183 83
183 84 183 95
183 96 183 107
183 108 183 119
183 120 183 131
183 145 183 156
183 157 183 168
183 169 183 180
183 181 183 192
183 193 183 204
183 205 183 216
183 217 183 228
183 229 183 240
184 13 184 24
184 25 184 36
184 37 184 48
184 49 184 60
184 61 184 72
184 86 184 97
184 98 184 109
184 110 184 121
184 122 184 133
184 134 184 145
184 146 184 157
184 158 184 169
184 183 184 194
184 195 184 206
184 207 184 218
184 219 184 230
184 231 184 242
185 0 185 11
185 12 185 23
185 24 185 35
185 36 185 47
185 48 185 59
185 60 185 71
185 72 185 83
185 84 185 95
185 96 185 107
185 108 185 119
185 120 185 131
185 145 185 156
185 157 185 168
185 169 185 180
185 181 185 192
185 193 185 204
185 205 185 216
185 217 185 228
185 229 185 240
185 241 185 249
186 0 186 11
186 12 186 23
186 24 186 35
186 49 186 60
186 61 186 72
186 73 186 84
186 85 186 96
186 97 186 108
186 109 186 120
186 121 186 132
186 133 186 144
186 145 186 156
186 157 186 168
186 169 186 180
186 194 186 205
186 206 186 217
186 231 186 242
187 0 187 11
187 12 187 23
187 24 187 35
187 36 187 47
187 48 187 59
187 60 187 71
187 72 187 83
187 84 187 95
187 96 187 107
187 108 187 119
187 120 187 131
187 132 187 143
187 144 187 155
187 156 187 167
187 168 187 179
187 193 187 204
187 205 187 216
187 217 187 228
187 229 187 240
188 0 188 11
188 12 188 23
188 24 188 35
188 36 188 47
188 48 188 59
188 60 188 71
188 72 188 83
188 84 188 95
188 96 188 107
188 108 188 119
188 120 188 131
188 145 188 156
188 157 188 168
188 169 188 180
188 181 188 192
188 193 188 204
188 205 188 216
188 217 188 228
188 229 188 240
188 241 188 249
189 0 189 11
189 12 189 23
189 24 189 35
189 36 189 47
189 48 189 59
189 60 189 71
189 72 189 83
189 84 189 95
189 122 189 133
189 147 189 158
189 159 189 170
189 171 189 182
189 183 189 194
189 195 189 206
189 207 189 218
189 219 189 230
189 231 189 242
190 0 190 11
190 12 190 23
190 37 190 48
190 49 190 60
190 61 190 72
190 73 190 84
190 85 190 96
190 97 190 108
190 109 190 120
190 134 190 145
190 159 190 170
190 171 190 182
190 196 190 207
190 208 190 219
190 220 190 231
190 232 190 243
191 0 191 11
191 25 191 36
191 37 191 48
191 49 191 60
191 61 191 72
191 73 191 84
191 85 191 96
191 97 191 108
191 109 191 120
191 121 191 132
191 133 191 144
191 158 191 169
191 170 191 181
191 195 191 206
191 207 191 218
191 219 191 230
191 231 191 242
192 0 192 11
192 12 192 23
192 24 192 35
192 49 192 60
192 61 192 72
192 73 192 84
192 98 192 109
192 110 192 121
192 122 192 133
192 134 192 145
192 146 192 157
192 158 192 169
192 170 192 181
192 182 192 193
192 194 192 205
192 206 192 217
192 218 192 229
192 230 192 241
193 0 193 11
193 12 193 23
193 24 193 35
193 36 193 47
193 48 193 59
193 60 193 71
193 72 193 83
193 97 193 108
193 109 193 120
193 121 193 132
193 133 193 144
193 145 193 156
193 157 193 168
193 169 193 180
193 194 193 205
193 206 193 217
193 218 193 229
193 230 193 241
194 0 194 11
194 12 194 23
194 24 194 35
194 49 194 60
194 61 194 72
194 73 194 84
194 85 194 96
194 97 194 108
194 109 194 120
194 121 194 132
194 133 194 144
194 158 194 169
194 170 194 181
194 182 194 193
194 194 194 205
194 206 194 217
194 218 194 229
194 230 194 241
195 0 195 11
195 12 195 23
195 24 195 35
195 36 195 47
195 48 195 59
195 60 195 71
195 72 195 83
195 84 195 95
195 96 195 107
195 108 195 119
195 146 195 157
195 158 195 169
195 170 195 181
195 182 195 193
195 194 195 205
195 206 195 217
195 218 195 229
195 230 195 241
195 242 195 249
196 13 196 24
196 25 196 36
196 37 196 48
196 49 196 60
196 61 196 72
196 73 196 84
196 98 196 109
196 110 196 121
196 122 196 133
196 173 196 184
196 185 196 196
196 197 196 208
196 209 196 220
196 221 196 232
196 233 196 244
197 0 197 11
197 12 197 23
197 37 197 48
197 49 197 60
197 61 197 72
197 99 197 110
197 111 197 122
197 123 197 134
197 135 197 146
197 147 197 158
197 159 197 170
197 184 197 195
197 196 197 207
197 208 197 219
197 220 197 231
197 232 197 243
198 0 198 11
198 25 198 36
198 63 198 74
198 88 198 99
198 100 198 111
198 125 198 136
198 137 198 148
198 149 198 160
198 174 198 185
198 186 198 197
198 198 198 209
198 210 198 221
198 222 198 233
198 234 198 245
199 13 199 24
199 25 199 36
199 37 199 48
199 49 199 60
199 61 199 72
199 86 199 97
199 98 199 109
199 123 199 134
199 135 199 146
199 147 199 158
199 159 199 170
199 171 199 182
199 196 199 207
199 208 199 219
199 220 199 231
199 232 199 243
86 243 97 243
85 244 96 244
85 245 96 245
106 245 117 245
129 245 140 245
144 245 155 245
45 246 56 246
85 246 96 246
106 246 117 246
129 246 140 246
144 246 155 246
45 247 56 247
85 247 96 247
106 247 117 247
129 247 140 247
144 247 155 247
45 248 56 248
79 248 90 248
106 248 117 248
144 248 155 248
79 249 90 249
129 249 140 249
144 249 155 249
